<?xml version="1.0" encoding="UTF-8"?>
<testsuite xmlns:xsi="http://www.w3.org/2001/XMLSchema-instance" xsi:noNamespaceSchemaLocation="https://maven.apache.org/surefire/maven-surefire-plugin/xsd/surefire-test-report.xsd" name="edu.csu.cs370.foodStorage.AppTest" time="0.036" tests="1" errors="0" skipped="0" failures="0">
  <properties>
    <property name="awt.toolkit" value="sun.awt.X11.XToolkit"/>
    <property name="file.encoding.pkg" value="sun.io"/>
    <property name="java.specification.version" value="1.8"/>
    <property name="sun.cpu.isalist" value=""/>
    <property name="sun.jnu.encoding" value="UTF-8"/>
    <property name="java.class.path" value="/s/bach/c/under/cpeirce/workspaceF20/cs370/project/github/food-storage-management/foodStorage/target/test-classes:/s/bach/c/under/cpeirce/workspaceF20/cs370/project/github/food-storage-management/foodStorage/target/classes:/s/bach/c/under/cpeirce/.m2/repository/org/slf4j/slf4j-simple/1.7.30/slf4j-simple-1.7.30.jar:/s/bach/c/under/cpeirce/.m2/repository/org/slf4j/slf4j-api/1.7.30/slf4j-api-1.7.30.jar:/s/bach/c/under/cpeirce/.m2/repository/com/sparkjava/spark-core/2.9.3/spark-core-2.9.3.jar:/s/bach/c/under/cpeirce/.m2/repository/org/eclipse/jetty/jetty-server/9.4.31.v20200723/jetty-server-9.4.31.v20200723.jar:/s/bach/c/under/cpeirce/.m2/repository/javax/servlet/javax.servlet-api/3.1.0/javax.servlet-api-3.1.0.jar:/s/bach/c/under/cpeirce/.m2/repository/org/eclipse/jetty/jetty-http/9.4.31.v20200723/jetty-http-9.4.31.v20200723.jar:/s/bach/c/under/cpeirce/.m2/repository/org/eclipse/jetty/jetty-util/9.4.31.v20200723/jetty-util-9.4.31.v20200723.jar:/s/bach/c/under/cpeirce/.m2/repository/org/eclipse/jetty/jetty-io/9.4.31.v20200723/jetty-io-9.4.31.v20200723.jar:/s/bach/c/under/cpeirce/.m2/repository/org/eclipse/jetty/jetty-webapp/9.4.31.v20200723/jetty-webapp-9.4.31.v20200723.jar:/s/bach/c/under/cpeirce/.m2/repository/org/eclipse/jetty/jetty-xml/9.4.31.v20200723/jetty-xml-9.4.31.v20200723.jar:/s/bach/c/under/cpeirce/.m2/repository/org/eclipse/jetty/jetty-servlet/9.4.31.v20200723/jetty-servlet-9.4.31.v20200723.jar:/s/bach/c/under/cpeirce/.m2/repository/org/eclipse/jetty/jetty-security/9.4.31.v20200723/jetty-security-9.4.31.v20200723.jar:/s/bach/c/under/cpeirce/.m2/repository/org/eclipse/jetty/websocket/websocket-server/9.4.31.v20200723/websocket-server-9.4.31.v20200723.jar:/s/bach/c/under/cpeirce/.m2/repository/org/eclipse/jetty/websocket/websocket-common/9.4.31.v20200723/websocket-common-9.4.31.v20200723.jar:/s/bach/c/under/cpeirce/.m2/repository/org/eclipse/jetty/websocket/websocket-client/9.4.31.v20200723/websocket-client-9.4.31.v20200723.jar:/s/bach/c/under/cpeirce/.m2/repository/org/eclipse/jetty/jetty-client/9.4.31.v20200723/jetty-client-9.4.31.v20200723.jar:/s/bach/c/under/cpeirce/.m2/repository/org/eclipse/jetty/websocket/websocket-servlet/9.4.31.v20200723/websocket-servlet-9.4.31.v20200723.jar:/s/bach/c/under/cpeirce/.m2/repository/org/eclipse/jetty/websocket/websocket-api/9.4.31.v20200723/websocket-api-9.4.31.v20200723.jar:/s/bach/c/under/cpeirce/.m2/repository/org/apache/maven/plugins/maven-compiler-plugin/2.5.1/maven-compiler-plugin-2.5.1.jar:/s/bach/c/under/cpeirce/.m2/repository/org/apache/maven/maven-plugin-api/2.0.9/maven-plugin-api-2.0.9.jar:/s/bach/c/under/cpeirce/.m2/repository/org/apache/maven/maven-artifact/2.0.9/maven-artifact-2.0.9.jar:/s/bach/c/under/cpeirce/.m2/repository/org/apache/maven/maven-core/2.0.9/maven-core-2.0.9.jar:/s/bach/c/under/cpeirce/.m2/repository/org/apache/maven/maven-settings/2.0.9/maven-settings-2.0.9.jar:/s/bach/c/under/cpeirce/.m2/repository/org/apache/maven/maven-plugin-parameter-documenter/2.0.9/maven-plugin-parameter-documenter-2.0.9.jar:/s/bach/c/under/cpeirce/.m2/repository/org/apache/maven/wagon/wagon-webdav/1.0-beta-2/wagon-webdav-1.0-beta-2.jar:/s/bach/c/under/cpeirce/.m2/repository/slide/slide-webdavlib/2.1/slide-webdavlib-2.1.jar:/s/bach/c/under/cpeirce/.m2/repository/commons-httpclient/commons-httpclient/2.0.2/commons-httpclient-2.0.2.jar:/s/bach/c/under/cpeirce/.m2/repository/jdom/jdom/1.0/jdom-1.0.jar:/s/bach/c/under/cpeirce/.m2/repository/de/zeigermann/xml/xml-im-exporter/1.1/xml-im-exporter-1.1.jar:/s/bach/c/under/cpeirce/.m2/repository/commons-logging/commons-logging/1.0.4/commons-logging-1.0.4.jar:/s/bach/c/under/cpeirce/.m2/repository/org/apache/maven/maven-profile/2.0.9/maven-profile-2.0.9.jar:/s/bach/c/under/cpeirce/.m2/repository/org/apache/maven/maven-model/2.0.9/maven-model-2.0.9.jar:/s/bach/c/under/cpeirce/.m2/repository/org/apache/maven/wagon/wagon-provider-api/1.0-beta-2/wagon-provider-api-1.0-beta-2.jar:/s/bach/c/under/cpeirce/.m2/repository/org/apache/maven/maven-repository-metadata/2.0.9/maven-repository-metadata-2.0.9.jar:/s/bach/c/under/cpeirce/.m2/repository/org/apache/maven/maven-error-diagnostics/2.0.9/maven-error-diagnostics-2.0.9.jar:/s/bach/c/under/cpeirce/.m2/repository/org/apache/maven/maven-project/2.0.9/maven-project-2.0.9.jar:/s/bach/c/under/cpeirce/.m2/repository/org/apache/maven/maven-plugin-registry/2.0.9/maven-plugin-registry-2.0.9.jar:/s/bach/c/under/cpeirce/.m2/repository/org/apache/maven/maven-plugin-descriptor/2.0.9/maven-plugin-descriptor-2.0.9.jar:/s/bach/c/under/cpeirce/.m2/repository/org/apache/maven/maven-artifact-manager/2.0.9/maven-artifact-manager-2.0.9.jar:/s/bach/c/under/cpeirce/.m2/repository/org/apache/maven/maven-monitor/2.0.9/maven-monitor-2.0.9.jar:/s/bach/c/under/cpeirce/.m2/repository/org/apache/maven/maven-toolchain/1.0/maven-toolchain-1.0.jar:/s/bach/c/under/cpeirce/.m2/repository/org/codehaus/plexus/plexus-utils/3.0/plexus-utils-3.0.jar:/s/bach/c/under/cpeirce/.m2/repository/org/codehaus/plexus/plexus-compiler-api/1.9.1/plexus-compiler-api-1.9.1.jar:/s/bach/c/under/cpeirce/.m2/repository/org/codehaus/plexus/plexus-compiler-manager/1.9.1/plexus-compiler-manager-1.9.1.jar:/s/bach/c/under/cpeirce/.m2/repository/org/codehaus/plexus/plexus-compiler-javac/1.9.1/plexus-compiler-javac-1.9.1.jar:/s/bach/c/under/cpeirce/.m2/repository/org/codehaus/plexus/plexus-container-default/1.0-alpha-9-stable-1/plexus-container-default-1.0-alpha-9-stable-1.jar:/s/bach/c/under/cpeirce/.m2/repository/classworlds/classworlds/1.1-alpha-2/classworlds-1.1-alpha-2.jar:/s/bach/c/under/cpeirce/.m2/repository/junit/junit/4.11/junit-4.11.jar:/s/bach/c/under/cpeirce/.m2/repository/org/hamcrest/hamcrest-core/1.3/hamcrest-core-1.3.jar:/s/bach/c/under/cpeirce/.m2/repository/com/google/code/gson/gson/2.8.6/gson-2.8.6.jar:"/>
    <property name="java.vm.vendor" value="Red Hat, Inc."/>
    <property name="sun.arch.data.model" value="64"/>
    <property name="java.vendor.url" value="https://www.redhat.com/"/>
    <property name="user.timezone" value=""/>
    <property name="java.vm.specification.version" value="1.8"/>
    <property name="os.name" value="Linux"/>
    <property name="user.country" value="US"/>
    <property name="sun.java.launcher" value="SUN_STANDARD"/>
    <property name="sun.boot.library.path" value="/usr/lib/jvm/java-1.8.0-openjdk-1.8.0.272.b10-0.fc32.x86_64/jre/lib/amd64"/>
    <property name="sun.java.command" value="/s/bach/c/under/cpeirce/workspaceF20/cs370/project/github/food-storage-management/foodStorage/target/surefire/surefirebooter4646715663867890657.jar /s/bach/c/under/cpeirce/workspaceF20/cs370/project/github/food-storage-management/foodStorage/target/surefire 2020-12-09T14-03-05_573-jvmRun1 surefire8304886692770308732tmp surefire_07698960676381136922tmp"/>
    <property name="surefire.test.class.path" value="/s/bach/c/under/cpeirce/workspaceF20/cs370/project/github/food-storage-management/foodStorage/target/test-classes:/s/bach/c/under/cpeirce/workspaceF20/cs370/project/github/food-storage-management/foodStorage/target/classes:/s/bach/c/under/cpeirce/.m2/repository/org/slf4j/slf4j-simple/1.7.30/slf4j-simple-1.7.30.jar:/s/bach/c/under/cpeirce/.m2/repository/org/slf4j/slf4j-api/1.7.30/slf4j-api-1.7.30.jar:/s/bach/c/under/cpeirce/.m2/repository/com/sparkjava/spark-core/2.9.3/spark-core-2.9.3.jar:/s/bach/c/under/cpeirce/.m2/repository/org/eclipse/jetty/jetty-server/9.4.31.v20200723/jetty-server-9.4.31.v20200723.jar:/s/bach/c/under/cpeirce/.m2/repository/javax/servlet/javax.servlet-api/3.1.0/javax.servlet-api-3.1.0.jar:/s/bach/c/under/cpeirce/.m2/repository/org/eclipse/jetty/jetty-http/9.4.31.v20200723/jetty-http-9.4.31.v20200723.jar:/s/bach/c/under/cpeirce/.m2/repository/org/eclipse/jetty/jetty-util/9.4.31.v20200723/jetty-util-9.4.31.v20200723.jar:/s/bach/c/under/cpeirce/.m2/repository/org/eclipse/jetty/jetty-io/9.4.31.v20200723/jetty-io-9.4.31.v20200723.jar:/s/bach/c/under/cpeirce/.m2/repository/org/eclipse/jetty/jetty-webapp/9.4.31.v20200723/jetty-webapp-9.4.31.v20200723.jar:/s/bach/c/under/cpeirce/.m2/repository/org/eclipse/jetty/jetty-xml/9.4.31.v20200723/jetty-xml-9.4.31.v20200723.jar:/s/bach/c/under/cpeirce/.m2/repository/org/eclipse/jetty/jetty-servlet/9.4.31.v20200723/jetty-servlet-9.4.31.v20200723.jar:/s/bach/c/under/cpeirce/.m2/repository/org/eclipse/jetty/jetty-security/9.4.31.v20200723/jetty-security-9.4.31.v20200723.jar:/s/bach/c/under/cpeirce/.m2/repository/org/eclipse/jetty/websocket/websocket-server/9.4.31.v20200723/websocket-server-9.4.31.v20200723.jar:/s/bach/c/under/cpeirce/.m2/repository/org/eclipse/jetty/websocket/websocket-common/9.4.31.v20200723/websocket-common-9.4.31.v20200723.jar:/s/bach/c/under/cpeirce/.m2/repository/org/eclipse/jetty/websocket/websocket-client/9.4.31.v20200723/websocket-client-9.4.31.v20200723.jar:/s/bach/c/under/cpeirce/.m2/repository/org/eclipse/jetty/jetty-client/9.4.31.v20200723/jetty-client-9.4.31.v20200723.jar:/s/bach/c/under/cpeirce/.m2/repository/org/eclipse/jetty/websocket/websocket-servlet/9.4.31.v20200723/websocket-servlet-9.4.31.v20200723.jar:/s/bach/c/under/cpeirce/.m2/repository/org/eclipse/jetty/websocket/websocket-api/9.4.31.v20200723/websocket-api-9.4.31.v20200723.jar:/s/bach/c/under/cpeirce/.m2/repository/org/apache/maven/plugins/maven-compiler-plugin/2.5.1/maven-compiler-plugin-2.5.1.jar:/s/bach/c/under/cpeirce/.m2/repository/org/apache/maven/maven-plugin-api/2.0.9/maven-plugin-api-2.0.9.jar:/s/bach/c/under/cpeirce/.m2/repository/org/apache/maven/maven-artifact/2.0.9/maven-artifact-2.0.9.jar:/s/bach/c/under/cpeirce/.m2/repository/org/apache/maven/maven-core/2.0.9/maven-core-2.0.9.jar:/s/bach/c/under/cpeirce/.m2/repository/org/apache/maven/maven-settings/2.0.9/maven-settings-2.0.9.jar:/s/bach/c/under/cpeirce/.m2/repository/org/apache/maven/maven-plugin-parameter-documenter/2.0.9/maven-plugin-parameter-documenter-2.0.9.jar:/s/bach/c/under/cpeirce/.m2/repository/org/apache/maven/wagon/wagon-webdav/1.0-beta-2/wagon-webdav-1.0-beta-2.jar:/s/bach/c/under/cpeirce/.m2/repository/slide/slide-webdavlib/2.1/slide-webdavlib-2.1.jar:/s/bach/c/under/cpeirce/.m2/repository/commons-httpclient/commons-httpclient/2.0.2/commons-httpclient-2.0.2.jar:/s/bach/c/under/cpeirce/.m2/repository/jdom/jdom/1.0/jdom-1.0.jar:/s/bach/c/under/cpeirce/.m2/repository/de/zeigermann/xml/xml-im-exporter/1.1/xml-im-exporter-1.1.jar:/s/bach/c/under/cpeirce/.m2/repository/commons-logging/commons-logging/1.0.4/commons-logging-1.0.4.jar:/s/bach/c/under/cpeirce/.m2/repository/org/apache/maven/maven-profile/2.0.9/maven-profile-2.0.9.jar:/s/bach/c/under/cpeirce/.m2/repository/org/apache/maven/maven-model/2.0.9/maven-model-2.0.9.jar:/s/bach/c/under/cpeirce/.m2/repository/org/apache/maven/wagon/wagon-provider-api/1.0-beta-2/wagon-provider-api-1.0-beta-2.jar:/s/bach/c/under/cpeirce/.m2/repository/org/apache/maven/maven-repository-metadata/2.0.9/maven-repository-metadata-2.0.9.jar:/s/bach/c/under/cpeirce/.m2/repository/org/apache/maven/maven-error-diagnostics/2.0.9/maven-error-diagnostics-2.0.9.jar:/s/bach/c/under/cpeirce/.m2/repository/org/apache/maven/maven-project/2.0.9/maven-project-2.0.9.jar:/s/bach/c/under/cpeirce/.m2/repository/org/apache/maven/maven-plugin-registry/2.0.9/maven-plugin-registry-2.0.9.jar:/s/bach/c/under/cpeirce/.m2/repository/org/apache/maven/maven-plugin-descriptor/2.0.9/maven-plugin-descriptor-2.0.9.jar:/s/bach/c/under/cpeirce/.m2/repository/org/apache/maven/maven-artifact-manager/2.0.9/maven-artifact-manager-2.0.9.jar:/s/bach/c/under/cpeirce/.m2/repository/org/apache/maven/maven-monitor/2.0.9/maven-monitor-2.0.9.jar:/s/bach/c/under/cpeirce/.m2/repository/org/apache/maven/maven-toolchain/1.0/maven-toolchain-1.0.jar:/s/bach/c/under/cpeirce/.m2/repository/org/codehaus/plexus/plexus-utils/3.0/plexus-utils-3.0.jar:/s/bach/c/under/cpeirce/.m2/repository/org/codehaus/plexus/plexus-compiler-api/1.9.1/plexus-compiler-api-1.9.1.jar:/s/bach/c/under/cpeirce/.m2/repository/org/codehaus/plexus/plexus-compiler-manager/1.9.1/plexus-compiler-manager-1.9.1.jar:/s/bach/c/under/cpeirce/.m2/repository/org/codehaus/plexus/plexus-compiler-javac/1.9.1/plexus-compiler-javac-1.9.1.jar:/s/bach/c/under/cpeirce/.m2/repository/org/codehaus/plexus/plexus-container-default/1.0-alpha-9-stable-1/plexus-container-default-1.0-alpha-9-stable-1.jar:/s/bach/c/under/cpeirce/.m2/repository/classworlds/classworlds/1.1-alpha-2/classworlds-1.1-alpha-2.jar:/s/bach/c/under/cpeirce/.m2/repository/junit/junit/4.11/junit-4.11.jar:/s/bach/c/under/cpeirce/.m2/repository/org/hamcrest/hamcrest-core/1.3/hamcrest-core-1.3.jar:/s/bach/c/under/cpeirce/.m2/repository/com/google/code/gson/gson/2.8.6/gson-2.8.6.jar:"/>
    <property name="sun.cpu.endian" value="little"/>
    <property name="user.home" value="/s/bach/c/under/cpeirce"/>
    <property name="user.language" value="en"/>
    <property name="java.specification.vendor" value="Oracle Corporation"/>
    <property name="java.home" value="/usr/lib/jvm/java-1.8.0-openjdk-1.8.0.272.b10-0.fc32.x86_64/jre"/>
    <property name="basedir" value="/s/bach/c/under/cpeirce/workspaceF20/cs370/project/github/food-storage-management/foodStorage"/>
    <property name="file.separator" value="/"/>
    <property name="line.separator" value="&#10;"/>
    <property name="java.vm.specification.vendor" value="Oracle Corporation"/>
    <property name="java.specification.name" value="Java Platform API Specification"/>
    <property name="java.awt.graphicsenv" value="sun.awt.X11GraphicsEnvironment"/>
    <property name="surefire.real.class.path" value="/s/bach/c/under/cpeirce/workspaceF20/cs370/project/github/food-storage-management/foodStorage/target/surefire/surefirebooter4646715663867890657.jar"/>
    <property name="sun.boot.class.path" value="/usr/lib/jvm/java-1.8.0-openjdk-1.8.0.272.b10-0.fc32.x86_64/jre/lib/resources.jar:/usr/lib/jvm/java-1.8.0-openjdk-1.8.0.272.b10-0.fc32.x86_64/jre/lib/rt.jar:/usr/lib/jvm/java-1.8.0-openjdk-1.8.0.272.b10-0.fc32.x86_64/jre/lib/sunrsasign.jar:/usr/lib/jvm/java-1.8.0-openjdk-1.8.0.272.b10-0.fc32.x86_64/jre/lib/jsse.jar:/usr/lib/jvm/java-1.8.0-openjdk-1.8.0.272.b10-0.fc32.x86_64/jre/lib/jce.jar:/usr/lib/jvm/java-1.8.0-openjdk-1.8.0.272.b10-0.fc32.x86_64/jre/lib/charsets.jar:/usr/lib/jvm/java-1.8.0-openjdk-1.8.0.272.b10-0.fc32.x86_64/jre/lib/jfr.jar:/usr/lib/jvm/java-1.8.0-openjdk-1.8.0.272.b10-0.fc32.x86_64/jre/classes"/>
    <property name="sun.management.compiler" value="HotSpot 64-Bit Tiered Compilers"/>
    <property name="java.runtime.version" value="1.8.0_272-b10"/>
    <property name="user.name" value="cpeirce"/>
    <property name="path.separator" value=":"/>
    <property name="os.version" value="5.8.10-200.fc32.x86_64"/>
    <property name="java.endorsed.dirs" value="/usr/lib/jvm/java-1.8.0-openjdk-1.8.0.272.b10-0.fc32.x86_64/jre/lib/endorsed"/>
    <property name="java.runtime.name" value="OpenJDK Runtime Environment"/>
    <property name="file.encoding" value="UTF-8"/>
    <property name="java.vm.name" value="OpenJDK 64-Bit Server VM"/>
    <property name="localRepository" value="/s/bach/c/under/cpeirce/.m2/repository"/>
    <property name="java.vendor.url.bug" value="https://bugzilla.redhat.com/enter_bug.cgi?product=Fedora&amp;component=java-1.8.0-openjdk&amp;version=32"/>
    <property name="java.io.tmpdir" value="/tmp"/>
    <property name="java.version" value="1.8.0_272"/>
    <property name="user.dir" value="/s/bach/c/under/cpeirce/workspaceF20/cs370/project/github/food-storage-management/foodStorage"/>
    <property name="os.arch" value="amd64"/>
    <property name="java.vm.specification.name" value="Java Virtual Machine Specification"/>
    <property name="java.awt.printerjob" value="sun.print.PSPrinterJob"/>
    <property name="sun.os.patch.level" value="unknown"/>
    <property name="java.library.path" value="/usr/local/cuda/lib64:/usr/lib64/openmpi/lib:/usr/java/packages/lib/amd64:/usr/lib64:/lib64:/lib:/usr/lib"/>
    <property name="java.vm.info" value="mixed mode"/>
    <property name="java.vendor" value="Red Hat, Inc."/>
    <property name="java.vm.version" value="25.272-b10"/>
    <property name="java.ext.dirs" value="/usr/lib/jvm/java-1.8.0-openjdk-1.8.0.272.b10-0.fc32.x86_64/jre/lib/ext:/usr/java/packages/lib/ext"/>
    <property name="sun.io.unicode.encoding" value="UnicodeLittle"/>
    <property name="java.class.version" value="52.0"/>
  </properties>
  <testcase name="shouldAnswerWithTrue" classname="edu.csu.cs370.foodStorage.AppTest" time="0.002"/>
</testsuite>